<?xml version="1.0" encoding="UTF-8"?>
<!-- Generated by org.testng.reporters.JUnitReportReporter -->
<testsuite hostname="LAPTOP-2DHTLVVT" failures="0" tests="1" name="RUNNER.jdbc" time="25.887" errors="0" timestamp="2023-10-18T14:30:07 IST" skipped="0">
  <testcase classname="RUNNER.jdbc" name="jdbc1" time="25.887"/>
</testsuite> <!-- RUNNER.jdbc -->
