<?xml version="1.0" encoding="UTF-8"?>
<!-- Generated by org.testng.reporters.JUnitReportReporter -->
<testsuite hostname="LAPTOP-2DHTLVVT" failures="0" tests="3" name="RUNNER.Data_provider_runner" time="48.956" errors="0" timestamp="2023-10-18T14:06:15 IST" skipped="0">
  <testcase classname="RUNNER.Data_provider_runner" name="test1" time="16.753"/>
  <testcase classname="RUNNER.Data_provider_runner" name="test1" time="15.926"/>
  <testcase classname="RUNNER.Data_provider_runner" name="test1" time="16.277"/>
</testsuite> <!-- RUNNER.Data_provider_runner -->
