<?xml version="1.0" encoding="UTF-8"?>
<!-- Generated by org.testng.reporters.JUnitReportReporter -->
<testsuite hostname="LAPTOP-2DHTLVVT" failures="0" tests="1" name="RUNNER.Excel_Runner" time="69.348" errors="0" timestamp="2023-10-19T16:30:38 IST" skipped="0">
  <testcase classname="RUNNER.Excel_Runner" name="runner1" time="69.348"/>
</testsuite> <!-- RUNNER.Excel_Runner -->
